mode: set
github.com/gongahkia/salja/cmd/salja-mcp/main.go:17.13,24.63 5 0
github.com/gongahkia/salja/cmd/salja-mcp/main.go:24.63,27.3 2 0
github.com/gongahkia/salja/internal/api/flock.go:8.49,10.15 2 1
github.com/gongahkia/salja/internal/api/flock.go:10.15,12.3 1 1
github.com/gongahkia/salja/internal/api/flock.go:13.2,13.40 1 1
github.com/gongahkia/salja/internal/api/flock.go:16.35,18.2 1 1
github.com/gongahkia/salja/internal/api/gcal.go:26.46,28.2 1 0
github.com/gongahkia/salja/internal/api/gcal.go:30.80,35.2 1 0
github.com/gongahkia/salja/internal/api/gcal.go:37.112,41.64 3 0
github.com/gongahkia/salja/internal/api/gcal.go:41.64,43.18 2 0
github.com/gongahkia/salja/internal/api/gcal.go:43.18,45.18 2 0
github.com/gongahkia/salja/internal/api/gcal.go:45.18,47.5 1 0
github.com/gongahkia/salja/internal/api/gcal.go:48.4,48.35 1 0
github.com/gongahkia/salja/internal/api/gcal.go:51.3,52.17 2 0
github.com/gongahkia/salja/internal/api/gcal.go:52.17,54.4 1 0
github.com/gongahkia/salja/internal/api/gcal.go:55.3,59.17 4 0
github.com/gongahkia/salja/internal/api/gcal.go:59.17,61.4 1 0
github.com/gongahkia/salja/internal/api/gcal.go:62.3,67.55 4 0
github.com/gongahkia/salja/internal/api/gcal.go:67.55,69.4 1 0
github.com/gongahkia/salja/internal/api/gcal.go:71.3,71.13 1 0
github.com/gongahkia/salja/internal/api/gcal.go:74.2,74.34 1 0
github.com/gongahkia/salja/internal/api/gcal.go:133.81,135.16 2 0
github.com/gongahkia/salja/internal/api/gcal.go:135.16,137.3 1 0
github.com/gongahkia/salja/internal/api/gcal.go:138.2,138.19 1 0
github.com/gongahkia/salja/internal/api/gcal.go:138.19,140.3 1 0
github.com/gongahkia/salja/internal/api/gcal.go:141.2,142.48 2 0
github.com/gongahkia/salja/internal/api/gcal.go:145.122,153.16 3 0
github.com/gongahkia/salja/internal/api/gcal.go:153.16,155.17 2 0
github.com/gongahkia/salja/internal/api/gcal.go:155.17,157.4 1 0
github.com/gongahkia/salja/internal/api/gcal.go:158.3,158.20 1 0
github.com/gongahkia/salja/internal/api/gcal.go:158.20,160.4 1 0
github.com/gongahkia/salja/internal/api/gcal.go:161.3,162.53 2 0
github.com/gongahkia/salja/internal/api/gcal.go:162.53,164.4 1 0
github.com/gongahkia/salja/internal/api/gcal.go:165.3,166.31 2 0
github.com/gongahkia/salja/internal/api/gcal.go:166.31,168.4 1 0
github.com/gongahkia/salja/internal/api/gcal.go:168.9,170.4 1 0
github.com/gongahkia/salja/internal/api/gcal.go:172.2,172.23 1 0
github.com/gongahkia/salja/internal/api/gcal.go:175.112,178.16 3 0
github.com/gongahkia/salja/internal/api/gcal.go:178.16,180.3 1 0
github.com/gongahkia/salja/internal/api/gcal.go:181.2,181.19 1 0
github.com/gongahkia/salja/internal/api/gcal.go:181.19,183.3 1 0
github.com/gongahkia/salja/internal/api/gcal.go:184.2,185.49 2 0
github.com/gongahkia/salja/internal/api/gcal.go:188.112,191.16 3 0
github.com/gongahkia/salja/internal/api/gcal.go:191.16,193.3 1 0
github.com/gongahkia/salja/internal/api/gcal.go:194.2,194.19 1 0
github.com/gongahkia/salja/internal/api/gcal.go:194.19,196.3 1 0
github.com/gongahkia/salja/internal/api/gcal.go:197.2,198.49 2 0
github.com/gongahkia/salja/internal/api/gcal.go:201.89,204.16 3 0
github.com/gongahkia/salja/internal/api/gcal.go:204.16,206.3 1 0
github.com/gongahkia/salja/internal/api/gcal.go:207.2,207.36 1 0
github.com/gongahkia/salja/internal/api/gcal.go:207.36,209.3 1 0
github.com/gongahkia/salja/internal/api/gcal.go:210.2,210.12 1 0
github.com/gongahkia/salja/internal/api/gcal.go:214.61,224.33 2 1
github.com/gongahkia/salja/internal/api/gcal.go:224.33,226.3 1 0
github.com/gongahkia/salja/internal/api/gcal.go:228.2,228.24 1 1
github.com/gongahkia/salja/internal/api/gcal.go:228.24,229.48 1 1
github.com/gongahkia/salja/internal/api/gcal.go:229.48,231.30 2 1
github.com/gongahkia/salja/internal/api/gcal.go:231.30,233.5 1 0
github.com/gongahkia/salja/internal/api/gcal.go:236.2,236.22 1 1
github.com/gongahkia/salja/internal/api/gcal.go:236.22,237.46 1 1
github.com/gongahkia/salja/internal/api/gcal.go:237.46,239.4 1 1
github.com/gongahkia/salja/internal/api/gcal.go:242.2,242.31 1 1
github.com/gongahkia/salja/internal/api/gcal.go:242.31,243.41 1 0
github.com/gongahkia/salja/internal/api/gcal.go:243.41,244.45 1 0
github.com/gongahkia/salja/internal/api/gcal.go:244.45,245.59 1 0
github.com/gongahkia/salja/internal/api/gcal.go:245.59,247.6 1 0
github.com/gongahkia/salja/internal/api/gcal.go:253.2,253.33 1 1
github.com/gongahkia/salja/internal/api/gcal.go:253.33,254.55 1 0
github.com/gongahkia/salja/internal/api/gcal.go:254.55,255.36 1 0
github.com/gongahkia/salja/internal/api/gcal.go:255.36,257.10 2 0
github.com/gongahkia/salja/internal/api/gcal.go:263.2,263.36 1 1
github.com/gongahkia/salja/internal/api/gcal.go:263.36,265.3 1 1
github.com/gongahkia/salja/internal/api/gcal.go:267.2,267.13 1 1
github.com/gongahkia/salja/internal/api/gcal.go:271.60,279.27 2 1
github.com/gongahkia/salja/internal/api/gcal.go:279.27,281.20 2 1
github.com/gongahkia/salja/internal/api/gcal.go:281.20,283.4 1 0
github.com/gongahkia/salja/internal/api/gcal.go:283.9,285.4 1 1
github.com/gongahkia/salja/internal/api/gcal.go:287.2,287.25 1 1
github.com/gongahkia/salja/internal/api/gcal.go:287.25,289.20 2 1
github.com/gongahkia/salja/internal/api/gcal.go:289.20,291.4 1 0
github.com/gongahkia/salja/internal/api/gcal.go:291.9,293.4 1 1
github.com/gongahkia/salja/internal/api/gcal.go:296.2,296.14 1 1
github.com/gongahkia/salja/internal/api/gcal.go:299.49,300.23 1 1
github.com/gongahkia/salja/internal/api/gcal.go:300.23,301.66 1 1
github.com/gongahkia/salja/internal/api/gcal.go:301.66,303.4 1 1
github.com/gongahkia/salja/internal/api/gcal.go:305.2,305.19 1 0
github.com/gongahkia/salja/internal/api/gcal.go:305.19,306.62 1 0
github.com/gongahkia/salja/internal/api/gcal.go:306.62,308.4 1 0
github.com/gongahkia/salja/internal/api/gcal.go:310.2,310.12 1 0
github.com/gongahkia/salja/internal/api/gcal.go:313.64,316.29 3 0
github.com/gongahkia/salja/internal/api/gcal.go:316.29,318.19 2 0
github.com/gongahkia/salja/internal/api/gcal.go:318.19,319.12 1 0
github.com/gongahkia/salja/internal/api/gcal.go:321.3,321.16 1 0
github.com/gongahkia/salja/internal/api/gcal.go:322.15,323.36 1 0
github.com/gongahkia/salja/internal/api/gcal.go:324.19,325.49 1 0
github.com/gongahkia/salja/internal/api/gcal.go:325.49,327.5 1 0
github.com/gongahkia/salja/internal/api/gcal.go:328.16,329.49 1 0
github.com/gongahkia/salja/internal/api/gcal.go:329.49,331.5 1 0
github.com/gongahkia/salja/internal/api/gcal.go:332.16,333.67 1 0
github.com/gongahkia/salja/internal/api/gcal.go:333.67,335.5 1 0
github.com/gongahkia/salja/internal/api/gcal.go:336.16,337.48 1 0
github.com/gongahkia/salja/internal/api/gcal.go:337.48,339.5 1 0
github.com/gongahkia/salja/internal/api/gcal.go:342.2,342.17 1 0
github.com/gongahkia/salja/internal/api/keyring.go:19.68,21.2 1 0
github.com/gongahkia/salja/internal/api/keyring.go:23.65,25.16 2 0
github.com/gongahkia/salja/internal/api/keyring.go:25.16,27.24 1 0
github.com/gongahkia/salja/internal/api/keyring.go:27.24,29.20 2 0
github.com/gongahkia/salja/internal/api/keyring.go:29.20,31.5 1 0
github.com/gongahkia/salja/internal/api/keyring.go:33.4,34.21 2 0
github.com/gongahkia/salja/internal/api/keyring.go:36.3,36.99 1 0
github.com/gongahkia/salja/internal/api/keyring.go:39.2,40.61 2 0
github.com/gongahkia/salja/internal/api/keyring.go:40.61,42.3 1 0
github.com/gongahkia/salja/internal/api/keyring.go:43.2,43.20 1 0
github.com/gongahkia/salja/internal/api/keyring.go:46.69,48.16 2 0
github.com/gongahkia/salja/internal/api/keyring.go:48.16,50.3 1 0
github.com/gongahkia/salja/internal/api/keyring.go:51.2,52.16 2 0
github.com/gongahkia/salja/internal/api/keyring.go:52.16,54.24 1 0
github.com/gongahkia/salja/internal/api/keyring.go:54.24,56.4 1 0
github.com/gongahkia/salja/internal/api/keyring.go:57.3,57.65 1 0
github.com/gongahkia/salja/internal/api/keyring.go:59.2,59.12 1 0
github.com/gongahkia/salja/internal/api/keyring.go:62.58,64.37 2 0
github.com/gongahkia/salja/internal/api/keyring.go:64.37,66.3 1 0
github.com/gongahkia/salja/internal/api/keyring.go:67.2,67.12 1 0
github.com/gongahkia/salja/internal/api/keyring.go:71.30,73.16 2 0
github.com/gongahkia/salja/internal/api/keyring.go:73.16,75.3 1 0
github.com/gongahkia/salja/internal/api/keyring.go:76.2,77.13 2 0
github.com/gongahkia/salja/internal/api/msgraph.go:24.52,26.2 1 0
github.com/gongahkia/salja/internal/api/msgraph.go:28.86,33.2 1 0
github.com/gongahkia/salja/internal/api/msgraph.go:35.115,39.64 3 0
github.com/gongahkia/salja/internal/api/msgraph.go:39.64,41.18 2 0
github.com/gongahkia/salja/internal/api/msgraph.go:41.18,43.18 2 0
github.com/gongahkia/salja/internal/api/msgraph.go:43.18,45.5 1 0
github.com/gongahkia/salja/internal/api/msgraph.go:46.4,46.35 1 0
github.com/gongahkia/salja/internal/api/msgraph.go:49.3,50.17 2 0
github.com/gongahkia/salja/internal/api/msgraph.go:50.17,52.4 1 0
github.com/gongahkia/salja/internal/api/msgraph.go:53.3,57.17 4 0
github.com/gongahkia/salja/internal/api/msgraph.go:57.17,59.4 1 0
github.com/gongahkia/salja/internal/api/msgraph.go:60.3,65.55 4 0
github.com/gongahkia/salja/internal/api/msgraph.go:65.55,67.4 1 0
github.com/gongahkia/salja/internal/api/msgraph.go:69.3,69.13 1 0
github.com/gongahkia/salja/internal/api/msgraph.go:72.2,72.34 1 0
github.com/gongahkia/salja/internal/api/msgraph.go:124.111,132.16 3 0
github.com/gongahkia/salja/internal/api/msgraph.go:132.16,134.17 2 0
github.com/gongahkia/salja/internal/api/msgraph.go:134.17,136.4 1 0
github.com/gongahkia/salja/internal/api/msgraph.go:137.3,137.20 1 0
github.com/gongahkia/salja/internal/api/msgraph.go:137.20,139.4 1 0
github.com/gongahkia/salja/internal/api/msgraph.go:140.3,141.53 2 0
github.com/gongahkia/salja/internal/api/msgraph.go:141.53,143.4 1 0
github.com/gongahkia/salja/internal/api/msgraph.go:144.3,145.22 2 0
github.com/gongahkia/salja/internal/api/msgraph.go:147.2,147.23 1 0
github.com/gongahkia/salja/internal/api/msgraph.go:150.102,152.16 2 0
github.com/gongahkia/salja/internal/api/msgraph.go:152.16,154.3 1 0
github.com/gongahkia/salja/internal/api/msgraph.go:155.2,155.19 1 0
github.com/gongahkia/salja/internal/api/msgraph.go:155.19,157.3 1 0
github.com/gongahkia/salja/internal/api/msgraph.go:158.2,159.49 2 0
github.com/gongahkia/salja/internal/api/msgraph.go:162.102,165.16 3 0
github.com/gongahkia/salja/internal/api/msgraph.go:165.16,167.3 1 0
github.com/gongahkia/salja/internal/api/msgraph.go:168.2,168.19 1 0
github.com/gongahkia/salja/internal/api/msgraph.go:168.19,170.3 1 0
github.com/gongahkia/salja/internal/api/msgraph.go:171.2,172.49 2 0
github.com/gongahkia/salja/internal/api/msgraph.go:176.67,185.23 2 1
github.com/gongahkia/salja/internal/api/msgraph.go:185.23,187.3 1 0
github.com/gongahkia/salja/internal/api/msgraph.go:189.2,189.23 1 1
github.com/gongahkia/salja/internal/api/msgraph.go:189.23,191.3 1 1
github.com/gongahkia/salja/internal/api/msgraph.go:192.2,192.27 1 1
github.com/gongahkia/salja/internal/api/msgraph.go:192.27,194.3 1 1
github.com/gongahkia/salja/internal/api/msgraph.go:196.2,196.24 1 1
github.com/gongahkia/salja/internal/api/msgraph.go:196.24,197.92 1 1
github.com/gongahkia/salja/internal/api/msgraph.go:197.92,198.67 1 1
github.com/gongahkia/salja/internal/api/msgraph.go:198.67,199.78 1 0
github.com/gongahkia/salja/internal/api/msgraph.go:199.78,201.6 1 0
github.com/gongahkia/salja/internal/api/msgraph.go:202.5,202.41 1 0
github.com/gongahkia/salja/internal/api/msgraph.go:204.4,204.23 1 1
github.com/gongahkia/salja/internal/api/msgraph.go:207.2,207.22 1 1
github.com/gongahkia/salja/internal/api/msgraph.go:207.22,208.90 1 1
github.com/gongahkia/salja/internal/api/msgraph.go:208.90,209.63 1 1
github.com/gongahkia/salja/internal/api/msgraph.go:209.63,210.76 1 0
github.com/gongahkia/salja/internal/api/msgraph.go:210.76,212.6 1 0
github.com/gongahkia/salja/internal/api/msgraph.go:214.4,214.21 1 1
github.com/gongahkia/salja/internal/api/msgraph.go:218.2,218.13 1 1
github.com/gongahkia/salja/internal/api/msgraph.go:222.66,229.28 2 1
github.com/gongahkia/salja/internal/api/msgraph.go:229.28,231.3 1 1
github.com/gongahkia/salja/internal/api/msgraph.go:232.2,232.25 1 1
github.com/gongahkia/salja/internal/api/msgraph.go:232.25,234.3 1 1
github.com/gongahkia/salja/internal/api/msgraph.go:236.2,236.27 1 1
github.com/gongahkia/salja/internal/api/msgraph.go:236.27,238.26 2 1
github.com/gongahkia/salja/internal/api/msgraph.go:238.26,240.4 1 0
github.com/gongahkia/salja/internal/api/msgraph.go:241.3,244.4 1 1
github.com/gongahkia/salja/internal/api/msgraph.go:246.2,246.25 1 1
github.com/gongahkia/salja/internal/api/msgraph.go:246.25,248.26 2 1
github.com/gongahkia/salja/internal/api/msgraph.go:248.26,250.4 1 0
github.com/gongahkia/salja/internal/api/msgraph.go:251.3,254.4 1 1
github.com/gongahkia/salja/internal/api/msgraph.go:257.2,257.14 1 1
github.com/gongahkia/salja/internal/api/notion.go:24.56,29.2 1 1
github.com/gongahkia/salja/internal/api/notion.go:31.90,36.2 1 0
github.com/gongahkia/salja/internal/api/notion.go:38.114,40.17 2 1
github.com/gongahkia/salja/internal/api/notion.go:40.17,42.17 2 1
github.com/gongahkia/salja/internal/api/notion.go:42.17,44.4 1 0
github.com/gongahkia/salja/internal/api/notion.go:45.3,45.34 1 1
github.com/gongahkia/salja/internal/api/notion.go:48.2,49.16 2 1
github.com/gongahkia/salja/internal/api/notion.go:49.16,51.3 1 0
github.com/gongahkia/salja/internal/api/notion.go:52.2,57.16 5 1
github.com/gongahkia/salja/internal/api/notion.go:57.16,59.3 1 0
github.com/gongahkia/salja/internal/api/notion.go:60.2,63.39 3 1
github.com/gongahkia/salja/internal/api/notion.go:117.51,126.2 1 1
github.com/gongahkia/salja/internal/api/notion.go:128.126,130.23 2 1
github.com/gongahkia/salja/internal/api/notion.go:130.23,132.3 1 1
github.com/gongahkia/salja/internal/api/notion.go:133.2,136.16 3 1
github.com/gongahkia/salja/internal/api/notion.go:136.16,138.3 1 0
github.com/gongahkia/salja/internal/api/notion.go:139.2,139.19 1 1
github.com/gongahkia/salja/internal/api/notion.go:139.19,141.3 1 1
github.com/gongahkia/salja/internal/api/notion.go:142.2,143.47 2 1
github.com/gongahkia/salja/internal/api/notion.go:146.114,153.16 3 1
github.com/gongahkia/salja/internal/api/notion.go:153.16,155.3 1 0
github.com/gongahkia/salja/internal/api/notion.go:156.2,156.19 1 1
github.com/gongahkia/salja/internal/api/notion.go:156.19,158.3 1 0
github.com/gongahkia/salja/internal/api/notion.go:159.2,160.49 2 1
github.com/gongahkia/salja/internal/api/notion.go:163.115,169.16 3 0
github.com/gongahkia/salja/internal/api/notion.go:169.16,171.3 1 0
github.com/gongahkia/salja/internal/api/notion.go:172.2,172.19 1 0
github.com/gongahkia/salja/internal/api/notion.go:172.19,174.3 1 0
github.com/gongahkia/salja/internal/api/notion.go:175.2,175.12 1 0
github.com/gongahkia/salja/internal/api/notion.go:179.85,186.70 2 1
github.com/gongahkia/salja/internal/api/notion.go:186.70,188.3 1 1
github.com/gongahkia/salja/internal/api/notion.go:190.2,190.79 1 1
github.com/gongahkia/salja/internal/api/notion.go:190.79,192.3 1 0
github.com/gongahkia/salja/internal/api/notion.go:194.2,194.69 1 1
github.com/gongahkia/salja/internal/api/notion.go:194.69,195.70 1 1
github.com/gongahkia/salja/internal/api/notion.go:195.70,197.4 1 1
github.com/gongahkia/salja/internal/api/notion.go:197.9,197.77 1 0
github.com/gongahkia/salja/internal/api/notion.go:197.77,199.4 1 0
github.com/gongahkia/salja/internal/api/notion.go:202.2,202.70 1 1
github.com/gongahkia/salja/internal/api/notion.go:202.70,203.27 1 1
github.com/gongahkia/salja/internal/api/notion.go:204.40,205.39 1 0
github.com/gongahkia/salja/internal/api/notion.go:206.37,207.40 1 1
github.com/gongahkia/salja/internal/api/notion.go:211.2,211.72 1 1
github.com/gongahkia/salja/internal/api/notion.go:211.72,212.27 1 1
github.com/gongahkia/salja/internal/api/notion.go:213.29,214.41 1 0
github.com/gongahkia/salja/internal/api/notion.go:215.15,216.38 1 1
github.com/gongahkia/salja/internal/api/notion.go:217.17,218.40 1 0
github.com/gongahkia/salja/internal/api/notion.go:219.14,220.37 1 0
github.com/gongahkia/salja/internal/api/notion.go:224.2,224.46 1 1
github.com/gongahkia/salja/internal/api/notion.go:224.46,225.38 1 1
github.com/gongahkia/salja/internal/api/notion.go:225.38,227.4 1 1
github.com/gongahkia/salja/internal/api/notion.go:230.2,230.13 1 1
github.com/gongahkia/salja/internal/api/notion.go:234.85,244.28 3 1
github.com/gongahkia/salja/internal/api/notion.go:244.28,251.3 1 0
github.com/gongahkia/salja/internal/api/notion.go:253.2,253.25 1 1
github.com/gongahkia/salja/internal/api/notion.go:253.25,258.3 1 1
github.com/gongahkia/salja/internal/api/notion.go:260.2,261.21 2 1
github.com/gongahkia/salja/internal/api/notion.go:262.29,263.22 1 0
github.com/gongahkia/salja/internal/api/notion.go:264.30,265.29 1 1
github.com/gongahkia/salja/internal/api/notion.go:267.2,272.23 2 1
github.com/gongahkia/salja/internal/api/notion.go:272.23,274.24 2 1
github.com/gongahkia/salja/internal/api/notion.go:275.30,276.20 1 0
github.com/gongahkia/salja/internal/api/notion.go:277.27,278.18 1 1
github.com/gongahkia/salja/internal/api/notion.go:279.29,280.20 1 1
github.com/gongahkia/salja/internal/api/notion.go:282.3,285.4 1 1
github.com/gongahkia/salja/internal/api/notion.go:288.2,288.24 1 1
github.com/gongahkia/salja/internal/api/notion.go:288.24,290.31 2 1
github.com/gongahkia/salja/internal/api/notion.go:290.31,292.4 1 1
github.com/gongahkia/salja/internal/api/notion.go:293.3,296.4 1 1
github.com/gongahkia/salja/internal/api/notion.go:299.2,302.3 1 1
github.com/gongahkia/salja/internal/api/oauth.go:36.34,38.2 1 0
github.com/gongahkia/salja/internal/api/oauth.go:48.47,50.15 2 0
github.com/gongahkia/salja/internal/api/oauth.go:50.15,52.17 2 0
github.com/gongahkia/salja/internal/api/oauth.go:52.17,54.4 1 0
github.com/gongahkia/salja/internal/api/oauth.go:55.3,55.39 1 0
github.com/gongahkia/salja/internal/api/oauth.go:57.2,57.75 1 0
github.com/gongahkia/salja/internal/api/oauth.go:61.48,63.16 2 0
github.com/gongahkia/salja/internal/api/oauth.go:63.16,65.3 1 0
github.com/gongahkia/salja/internal/api/oauth.go:66.2,66.45 1 0
github.com/gongahkia/salja/internal/api/oauth.go:69.48,71.16 2 1
github.com/gongahkia/salja/internal/api/oauth.go:71.16,72.25 1 1
github.com/gongahkia/salja/internal/api/oauth.go:72.25,74.4 1 1
github.com/gongahkia/salja/internal/api/oauth.go:75.3,75.18 1 0
github.com/gongahkia/salja/internal/api/oauth.go:77.2,80.20 3 1
github.com/gongahkia/salja/internal/api/oauth.go:80.20,81.47 1 1
github.com/gongahkia/salja/internal/api/oauth.go:81.47,83.4 1 0
github.com/gongahkia/salja/internal/api/oauth.go:86.2,86.43 1 1
github.com/gongahkia/salja/internal/api/oauth.go:86.43,88.3 1 0
github.com/gongahkia/salja/internal/api/oauth.go:89.2,89.15 1 1
github.com/gongahkia/salja/internal/api/oauth.go:89.15,89.36 1 1
github.com/gongahkia/salja/internal/api/oauth.go:90.2,91.16 2 1
github.com/gongahkia/salja/internal/api/oauth.go:91.16,93.3 1 0
github.com/gongahkia/salja/internal/api/oauth.go:94.2,95.50 2 1
github.com/gongahkia/salja/internal/api/oauth.go:95.50,97.3 1 0
github.com/gongahkia/salja/internal/api/oauth.go:98.2,98.16 1 1
github.com/gongahkia/salja/internal/api/oauth.go:101.47,102.64 1 1
github.com/gongahkia/salja/internal/api/oauth.go:102.64,104.3 1 0
github.com/gongahkia/salja/internal/api/oauth.go:105.2,106.16 2 1
github.com/gongahkia/salja/internal/api/oauth.go:106.16,108.3 1 0
github.com/gongahkia/salja/internal/api/oauth.go:109.2,110.42 2 1
github.com/gongahkia/salja/internal/api/oauth.go:110.42,112.3 1 0
github.com/gongahkia/salja/internal/api/oauth.go:113.2,113.15 1 1
github.com/gongahkia/salja/internal/api/oauth.go:113.15,113.36 1 1
github.com/gongahkia/salja/internal/api/oauth.go:114.2,115.16 2 1
github.com/gongahkia/salja/internal/api/oauth.go:115.16,117.3 1 0
github.com/gongahkia/salja/internal/api/oauth.go:118.2,118.41 1 1
github.com/gongahkia/salja/internal/api/oauth.go:121.58,123.16 2 1
github.com/gongahkia/salja/internal/api/oauth.go:123.16,125.3 1 0
github.com/gongahkia/salja/internal/api/oauth.go:126.2,127.9 2 1
github.com/gongahkia/salja/internal/api/oauth.go:127.9,129.3 1 1
github.com/gongahkia/salja/internal/api/oauth.go:130.2,130.15 1 1
github.com/gongahkia/salja/internal/api/oauth.go:133.62,135.16 2 1
github.com/gongahkia/salja/internal/api/oauth.go:135.16,137.3 1 0
github.com/gongahkia/salja/internal/api/oauth.go:138.2,139.19 2 1
github.com/gongahkia/salja/internal/api/oauth.go:142.51,144.16 2 1
github.com/gongahkia/salja/internal/api/oauth.go:144.16,146.3 1 0
github.com/gongahkia/salja/internal/api/oauth.go:147.2,148.19 2 1
github.com/gongahkia/salja/internal/api/oauth.go:165.44,167.2 1 0
github.com/gongahkia/salja/internal/api/oauth.go:169.63,171.40 2 0
github.com/gongahkia/salja/internal/api/oauth.go:171.40,173.3 1 0
github.com/gongahkia/salja/internal/api/oauth.go:174.2,177.33 4 0
github.com/gongahkia/salja/internal/api/oauth.go:181.67,183.16 2 0
github.com/gongahkia/salja/internal/api/oauth.go:183.16,185.3 1 0
github.com/gongahkia/salja/internal/api/oauth.go:188.2,189.16 2 0
github.com/gongahkia/salja/internal/api/oauth.go:189.16,191.3 1 0
github.com/gongahkia/salja/internal/api/oauth.go:192.2,196.23 4 0
github.com/gongahkia/salja/internal/api/oauth.go:196.23,198.3 1 0
github.com/gongahkia/salja/internal/api/oauth.go:200.2,201.16 2 0
github.com/gongahkia/salja/internal/api/oauth.go:201.16,203.3 1 0
github.com/gongahkia/salja/internal/api/oauth.go:204.2,219.75 6 0
github.com/gongahkia/salja/internal/api/oauth.go:219.75,220.42 1 0
github.com/gongahkia/salja/internal/api/oauth.go:220.42,224.4 3 0
github.com/gongahkia/salja/internal/api/oauth.go:225.3,225.57 1 0
github.com/gongahkia/salja/internal/api/oauth.go:225.57,229.4 3 0
github.com/gongahkia/salja/internal/api/oauth.go:230.3,232.69 3 0
github.com/gongahkia/salja/internal/api/oauth.go:235.2,236.12 2 0
github.com/gongahkia/salja/internal/api/oauth.go:236.12,236.42 1 0
github.com/gongahkia/salja/internal/api/oauth.go:237.2,237.15 1 0
github.com/gongahkia/salja/internal/api/oauth.go:237.15,237.43 1 0
github.com/gongahkia/salja/internal/api/oauth.go:239.2,240.9 2 0
github.com/gongahkia/salja/internal/api/oauth.go:241.23,241.23 0 0
github.com/gongahkia/salja/internal/api/oauth.go:242.22,243.18 1 0
github.com/gongahkia/salja/internal/api/oauth.go:244.20,245.24 1 0
github.com/gongahkia/salja/internal/api/oauth.go:248.2,248.57 1 0
github.com/gongahkia/salja/internal/api/oauth.go:251.106,261.16 3 0
github.com/gongahkia/salja/internal/api/oauth.go:261.16,263.3 1 0
github.com/gongahkia/salja/internal/api/oauth.go:264.2,267.16 3 0
github.com/gongahkia/salja/internal/api/oauth.go:267.16,269.3 1 0
github.com/gongahkia/salja/internal/api/oauth.go:270.2,272.38 2 0
github.com/gongahkia/salja/internal/api/oauth.go:272.38,274.3 1 0
github.com/gongahkia/salja/internal/api/oauth.go:276.2,283.70 2 0
github.com/gongahkia/salja/internal/api/oauth.go:283.70,285.3 1 0
github.com/gongahkia/salja/internal/api/oauth.go:287.2,293.8 1 0
github.com/gongahkia/salja/internal/api/oauth.go:297.97,305.16 3 0
github.com/gongahkia/salja/internal/api/oauth.go:305.16,307.3 1 0
github.com/gongahkia/salja/internal/api/oauth.go:308.2,311.16 3 0
github.com/gongahkia/salja/internal/api/oauth.go:311.16,313.3 1 0
github.com/gongahkia/salja/internal/api/oauth.go:314.2,316.38 2 0
github.com/gongahkia/salja/internal/api/oauth.go:316.38,318.3 1 0
github.com/gongahkia/salja/internal/api/oauth.go:320.2,326.70 2 0
github.com/gongahkia/salja/internal/api/oauth.go:326.70,328.3 1 0
github.com/gongahkia/salja/internal/api/oauth.go:330.2,331.14 2 0
github.com/gongahkia/salja/internal/api/oauth.go:331.14,333.3 1 0
github.com/gongahkia/salja/internal/api/oauth.go:335.2,340.8 1 0
github.com/gongahkia/salja/internal/api/oauth.go:351.89,352.24 1 0
github.com/gongahkia/salja/internal/api/oauth.go:352.24,354.3 1 0
github.com/gongahkia/salja/internal/api/oauth.go:355.2,355.30 1 0
github.com/gongahkia/salja/internal/api/oauth.go:355.30,357.3 1 0
github.com/gongahkia/salja/internal/api/oauth.go:358.2,359.16 2 0
github.com/gongahkia/salja/internal/api/oauth.go:359.16,361.3 1 0
github.com/gongahkia/salja/internal/api/oauth.go:362.2,362.20 1 0
github.com/gongahkia/salja/internal/api/oauth.go:362.20,364.3 1 0
github.com/gongahkia/salja/internal/api/oauth.go:365.2,365.22 1 0
github.com/gongahkia/salja/internal/api/oauth.go:368.38,370.40 2 0
github.com/gongahkia/salja/internal/api/oauth.go:370.40,372.3 1 0
github.com/gongahkia/salja/internal/api/oauth.go:373.2,373.53 1 0
github.com/gongahkia/salja/internal/api/ticktick.go:25.54,31.2 1 1
github.com/gongahkia/salja/internal/api/ticktick.go:33.88,39.2 1 0
github.com/gongahkia/salja/internal/api/ticktick.go:41.117,43.17 2 1
github.com/gongahkia/salja/internal/api/ticktick.go:43.17,45.17 2 0
github.com/gongahkia/salja/internal/api/ticktick.go:45.17,47.4 1 0
github.com/gongahkia/salja/internal/api/ticktick.go:48.3,48.34 1 0
github.com/gongahkia/salja/internal/api/ticktick.go:51.2,52.16 2 1
github.com/gongahkia/salja/internal/api/ticktick.go:52.16,54.3 1 0
github.com/gongahkia/salja/internal/api/ticktick.go:55.2,59.16 4 1
github.com/gongahkia/salja/internal/api/ticktick.go:59.16,61.3 1 0
github.com/gongahkia/salja/internal/api/ticktick.go:62.2,65.16 3 1
github.com/gongahkia/salja/internal/api/ticktick.go:65.16,67.3 1 0
github.com/gongahkia/salja/internal/api/ticktick.go:68.2,68.39 1 1
github.com/gongahkia/salja/internal/api/ticktick.go:100.87,102.16 2 0
github.com/gongahkia/salja/internal/api/ticktick.go:102.16,104.3 1 0
github.com/gongahkia/salja/internal/api/ticktick.go:105.2,105.19 1 0
github.com/gongahkia/salja/internal/api/ticktick.go:105.19,107.3 1 0
github.com/gongahkia/salja/internal/api/ticktick.go:108.2,109.50 2 0
github.com/gongahkia/salja/internal/api/ticktick.go:112.99,115.16 3 0
github.com/gongahkia/salja/internal/api/ticktick.go:115.16,117.3 1 0
github.com/gongahkia/salja/internal/api/ticktick.go:118.2,118.19 1 0
github.com/gongahkia/salja/internal/api/ticktick.go:118.19,120.3 1 0
github.com/gongahkia/salja/internal/api/ticktick.go:121.2,124.54 2 0
github.com/gongahkia/salja/internal/api/ticktick.go:124.54,126.3 1 0
github.com/gongahkia/salja/internal/api/ticktick.go:127.2,127.26 1 0
github.com/gongahkia/salja/internal/api/ticktick.go:130.101,132.16 2 0
github.com/gongahkia/salja/internal/api/ticktick.go:132.16,134.3 1 0
github.com/gongahkia/salja/internal/api/ticktick.go:135.2,135.19 1 0
github.com/gongahkia/salja/internal/api/ticktick.go:135.19,137.3 1 0
github.com/gongahkia/salja/internal/api/ticktick.go:138.2,139.49 2 0
github.com/gongahkia/salja/internal/api/ticktick.go:142.101,145.16 3 0
github.com/gongahkia/salja/internal/api/ticktick.go:145.16,147.3 1 0
github.com/gongahkia/salja/internal/api/ticktick.go:148.2,148.19 1 0
github.com/gongahkia/salja/internal/api/ticktick.go:148.19,150.3 1 0
github.com/gongahkia/salja/internal/api/ticktick.go:151.2,152.49 2 0
github.com/gongahkia/salja/internal/api/ticktick.go:155.90,158.16 3 0
github.com/gongahkia/salja/internal/api/ticktick.go:158.16,160.3 1 0
github.com/gongahkia/salja/internal/api/ticktick.go:161.2,161.19 1 0
github.com/gongahkia/salja/internal/api/ticktick.go:161.19,163.3 1 0
github.com/gongahkia/salja/internal/api/ticktick.go:164.2,164.12 1 0
github.com/gongahkia/salja/internal/api/ticktick.go:168.67,177.47 2 1
github.com/gongahkia/salja/internal/api/ticktick.go:177.47,179.3 1 0
github.com/gongahkia/salja/internal/api/ticktick.go:182.2,182.23 1 1
github.com/gongahkia/salja/internal/api/ticktick.go:183.9,184.37 1 1
github.com/gongahkia/salja/internal/api/ticktick.go:185.9,186.39 1 0
github.com/gongahkia/salja/internal/api/ticktick.go:187.9,188.36 1 0
github.com/gongahkia/salja/internal/api/ticktick.go:189.10,190.37 1 0
github.com/gongahkia/salja/internal/api/ticktick.go:194.2,194.22 1 1
github.com/gongahkia/salja/internal/api/ticktick.go:194.22,196.3 1 1
github.com/gongahkia/salja/internal/api/ticktick.go:196.8,198.3 1 0
github.com/gongahkia/salja/internal/api/ticktick.go:200.2,200.26 1 1
github.com/gongahkia/salja/internal/api/ticktick.go:200.26,201.62 1 0
github.com/gongahkia/salja/internal/api/ticktick.go:201.62,203.4 1 0
github.com/gongahkia/salja/internal/api/ticktick.go:205.2,205.24 1 1
github.com/gongahkia/salja/internal/api/ticktick.go:205.24,206.60 1 1
github.com/gongahkia/salja/internal/api/ticktick.go:206.60,208.4 1 1
github.com/gongahkia/salja/internal/api/ticktick.go:211.2,211.33 1 1
github.com/gongahkia/salja/internal/api/ticktick.go:211.33,215.22 2 1
github.com/gongahkia/salja/internal/api/ticktick.go:215.22,217.4 1 1
github.com/gongahkia/salja/internal/api/ticktick.go:218.3,218.44 1 1
github.com/gongahkia/salja/internal/api/ticktick.go:221.2,221.13 1 1
github.com/gongahkia/salja/internal/api/ticktick.go:225.85,234.23 2 1
github.com/gongahkia/salja/internal/api/ticktick.go:235.49,236.20 1 1
github.com/gongahkia/salja/internal/api/ticktick.go:237.28,238.20 1 0
github.com/gongahkia/salja/internal/api/ticktick.go:239.47,240.20 1 0
github.com/gongahkia/salja/internal/api/ticktick.go:241.10,242.20 1 0
github.com/gongahkia/salja/internal/api/ticktick.go:245.2,245.42 1 1
github.com/gongahkia/salja/internal/api/ticktick.go:245.42,247.3 1 1
github.com/gongahkia/salja/internal/api/ticktick.go:249.2,249.27 1 1
github.com/gongahkia/salja/internal/api/ticktick.go:249.27,251.3 1 0
github.com/gongahkia/salja/internal/api/ticktick.go:252.2,252.25 1 1
github.com/gongahkia/salja/internal/api/ticktick.go:252.25,254.3 1 1
github.com/gongahkia/salja/internal/api/ticktick.go:256.2,256.36 1 1
github.com/gongahkia/salja/internal/api/ticktick.go:256.36,258.42 2 1
github.com/gongahkia/salja/internal/api/ticktick.go:258.42,260.4 1 1
github.com/gongahkia/salja/internal/api/ticktick.go:261.3,261.38 1 1
github.com/gongahkia/salja/internal/api/ticktick.go:264.2,264.13 1 1
github.com/gongahkia/salja/internal/api/ticktick.go:267.53,274.28 2 1
github.com/gongahkia/salja/internal/api/ticktick.go:274.28,275.45 1 1
github.com/gongahkia/salja/internal/api/ticktick.go:275.45,277.4 1 1
github.com/gongahkia/salja/internal/api/ticktick.go:279.2,279.69 1 0
github.com/gongahkia/salja/internal/api/todoist.go:28.52,33.2 1 1
github.com/gongahkia/salja/internal/api/todoist.go:35.86,40.2 1 0
github.com/gongahkia/salja/internal/api/todoist.go:42.115,44.17 2 1
github.com/gongahkia/salja/internal/api/todoist.go:44.17,46.17 2 1
github.com/gongahkia/salja/internal/api/todoist.go:46.17,48.4 1 0
github.com/gongahkia/salja/internal/api/todoist.go:49.3,49.34 1 1
github.com/gongahkia/salja/internal/api/todoist.go:52.2,53.16 2 1
github.com/gongahkia/salja/internal/api/todoist.go:53.16,55.3 1 0
github.com/gongahkia/salja/internal/api/todoist.go:56.2,60.16 4 1
github.com/gongahkia/salja/internal/api/todoist.go:60.16,62.3 1 0
github.com/gongahkia/salja/internal/api/todoist.go:63.2,66.39 3 1
github.com/gongahkia/salja/internal/api/todoist.go:97.78,99.16 2 1
github.com/gongahkia/salja/internal/api/todoist.go:99.16,101.3 1 0
github.com/gongahkia/salja/internal/api/todoist.go:102.2,102.19 1 1
github.com/gongahkia/salja/internal/api/todoist.go:102.19,104.3 1 1
github.com/gongahkia/salja/internal/api/todoist.go:105.2,106.44 2 1
github.com/gongahkia/salja/internal/api/todoist.go:109.98,111.16 2 1
github.com/gongahkia/salja/internal/api/todoist.go:111.16,113.3 1 0
github.com/gongahkia/salja/internal/api/todoist.go:114.2,114.19 1 1
github.com/gongahkia/salja/internal/api/todoist.go:114.19,116.3 1 0
github.com/gongahkia/salja/internal/api/todoist.go:117.2,118.49 2 1
github.com/gongahkia/salja/internal/api/todoist.go:121.97,123.16 2 0
github.com/gongahkia/salja/internal/api/todoist.go:123.16,125.3 1 0
github.com/gongahkia/salja/internal/api/todoist.go:126.2,126.19 1 0
github.com/gongahkia/salja/internal/api/todoist.go:126.19,128.3 1 0
github.com/gongahkia/salja/internal/api/todoist.go:129.2,129.12 1 0
github.com/gongahkia/salja/internal/api/todoist.go:132.77,134.16 2 0
github.com/gongahkia/salja/internal/api/todoist.go:134.16,136.3 1 0
github.com/gongahkia/salja/internal/api/todoist.go:137.2,137.19 1 0
github.com/gongahkia/salja/internal/api/todoist.go:137.19,139.3 1 0
github.com/gongahkia/salja/internal/api/todoist.go:140.2,140.12 1 0
github.com/gongahkia/salja/internal/api/todoist.go:143.84,145.16 2 0
github.com/gongahkia/salja/internal/api/todoist.go:145.16,147.3 1 0
github.com/gongahkia/salja/internal/api/todoist.go:148.2,148.19 1 0
github.com/gongahkia/salja/internal/api/todoist.go:148.19,150.3 1 0
github.com/gongahkia/salja/internal/api/todoist.go:151.2,152.50 2 0
github.com/gongahkia/salja/internal/api/todoist.go:162.60,168.2 1 0
github.com/gongahkia/salja/internal/api/todoist.go:176.109,182.16 3 0
github.com/gongahkia/salja/internal/api/todoist.go:182.16,184.3 1 0
github.com/gongahkia/salja/internal/api/todoist.go:186.2,187.16 2 0
github.com/gongahkia/salja/internal/api/todoist.go:187.16,189.3 1 0
github.com/gongahkia/salja/internal/api/todoist.go:190.2,194.16 4 0
github.com/gongahkia/salja/internal/api/todoist.go:194.16,196.3 1 0
github.com/gongahkia/salja/internal/api/todoist.go:197.2,199.28 2 0
github.com/gongahkia/salja/internal/api/todoist.go:199.28,202.3 2 0
github.com/gongahkia/salja/internal/api/todoist.go:204.2,205.69 2 0
github.com/gongahkia/salja/internal/api/todoist.go:205.69,207.3 1 0
github.com/gongahkia/salja/internal/api/todoist.go:209.2,210.23 2 0
github.com/gongahkia/salja/internal/api/todoist.go:214.65,224.23 2 1
github.com/gongahkia/salja/internal/api/todoist.go:225.9,226.40 1 1
github.com/gongahkia/salja/internal/api/todoist.go:227.9,228.37 1 1
github.com/gongahkia/salja/internal/api/todoist.go:229.9,230.39 1 0
github.com/gongahkia/salja/internal/api/todoist.go:231.10,232.36 1 0
github.com/gongahkia/salja/internal/api/todoist.go:235.2,235.22 1 1
github.com/gongahkia/salja/internal/api/todoist.go:235.22,237.3 1 0
github.com/gongahkia/salja/internal/api/todoist.go:237.8,239.3 1 1
github.com/gongahkia/salja/internal/api/todoist.go:241.2,241.21 1 1
github.com/gongahkia/salja/internal/api/todoist.go:241.21,242.30 1 1
github.com/gongahkia/salja/internal/api/todoist.go:242.30,243.73 1 0
github.com/gongahkia/salja/internal/api/todoist.go:243.73,245.5 1 0
github.com/gongahkia/salja/internal/api/todoist.go:246.9,246.33 1 1
github.com/gongahkia/salja/internal/api/todoist.go:246.33,247.69 1 1
github.com/gongahkia/salja/internal/api/todoist.go:247.69,249.5 1 1
github.com/gongahkia/salja/internal/api/todoist.go:251.3,251.52 1 1
github.com/gongahkia/salja/internal/api/todoist.go:251.52,253.4 1 0
github.com/gongahkia/salja/internal/api/todoist.go:256.2,256.13 1 1
github.com/gongahkia/salja/internal/api/todoist.go:260.83,269.23 2 1
github.com/gongahkia/salja/internal/api/todoist.go:270.29,271.20 1 1
github.com/gongahkia/salja/internal/api/todoist.go:272.26,273.20 1 0
github.com/gongahkia/salja/internal/api/todoist.go:274.28,275.20 1 0
github.com/gongahkia/salja/internal/api/todoist.go:276.10,277.20 1 0
github.com/gongahkia/salja/internal/api/todoist.go:280.2,280.42 1 1
github.com/gongahkia/salja/internal/api/todoist.go:280.42,282.3 1 0
github.com/gongahkia/salja/internal/api/todoist.go:284.2,284.25 1 1
github.com/gongahkia/salja/internal/api/todoist.go:284.25,288.3 1 1
github.com/gongahkia/salja/internal/api/todoist.go:290.2,290.13 1 1
github.com/gongahkia/salja/internal/config/config.go:47.30,63.2 1 1
github.com/gongahkia/salja/internal/config/config.go:68.35,70.2 1 0
github.com/gongahkia/salja/internal/config/config.go:72.30,73.24 1 0
github.com/gongahkia/salja/internal/config/config.go:73.24,75.3 1 0
github.com/gongahkia/salja/internal/config/config.go:76.2,77.29 2 0
github.com/gongahkia/salja/internal/config/config.go:80.45,83.49 2 1
github.com/gongahkia/salja/internal/config/config.go:83.49,85.3 1 1
github.com/gongahkia/salja/internal/config/config.go:87.2,88.16 2 1
github.com/gongahkia/salja/internal/config/config.go:88.16,90.3 1 1
github.com/gongahkia/salja/internal/config/config.go:92.2,93.24 2 1
github.com/gongahkia/salja/internal/config/config.go:93.24,94.33 1 1
github.com/gongahkia/salja/internal/config/config.go:94.33,96.4 1 1
github.com/gongahkia/salja/internal/config/config.go:99.2,99.38 1 1
github.com/gongahkia/salja/internal/config/config.go:99.38,101.3 1 0
github.com/gongahkia/salja/internal/config/config.go:103.2,103.17 1 1
github.com/gongahkia/salja/internal/config/config.go:106.34,108.36 2 1
github.com/gongahkia/salja/internal/config/config.go:108.36,110.3 1 0
github.com/gongahkia/salja/internal/config/config.go:112.2,113.44 2 1
github.com/gongahkia/salja/internal/config/config.go:113.44,115.3 1 0
github.com/gongahkia/salja/internal/config/config.go:117.2,118.43 2 1
github.com/gongahkia/salja/internal/config/config.go:118.43,120.3 1 0
github.com/gongahkia/salja/internal/config/config.go:122.2,122.31 1 1
github.com/gongahkia/salja/internal/config/config.go:122.31,123.67 1 1
github.com/gongahkia/salja/internal/config/config.go:123.67,125.4 1 0
github.com/gongahkia/salja/internal/config/config.go:128.2,132.34 2 1
github.com/gongahkia/salja/internal/config/config.go:132.34,133.51 1 1
github.com/gongahkia/salja/internal/config/config.go:133.51,135.4 1 0
github.com/gongahkia/salja/internal/config/config.go:138.2,138.12 1 1
github.com/gongahkia/salja/internal/config/config.go:141.25,142.52 1 0
github.com/gongahkia/salja/internal/config/config.go:142.52,144.3 1 0
github.com/gongahkia/salja/internal/config/config.go:145.2,146.48 2 0
github.com/gongahkia/salja/internal/config/config.go:149.26,151.2 1 0
github.com/gongahkia/salja/internal/config/config.go:153.24,154.51 1 0
github.com/gongahkia/salja/internal/config/config.go:154.51,156.3 1 0
github.com/gongahkia/salja/internal/config/config.go:157.2,158.47 2 0
github.com/gongahkia/salja/internal/config/config.go:161.23,162.50 1 0
github.com/gongahkia/salja/internal/config/config.go:162.50,164.3 1 0
github.com/gongahkia/salja/internal/config/config.go:165.2,166.56 2 0
github.com/gongahkia/salja/internal/apple/adapter.go:17.56,19.2 1 0
github.com/gongahkia/salja/internal/apple/adapter.go:21.62,23.2 1 0
github.com/gongahkia/salja/internal/apple/adapter.go:25.123,27.2 1 0
github.com/gongahkia/salja/internal/apple/adapter.go:29.116,33.2 3 0
github.com/gongahkia/salja/internal/apple/adapter.go:40.56,42.2 1 0
github.com/gongahkia/salja/internal/apple/adapter.go:44.62,46.2 1 0
github.com/gongahkia/salja/internal/apple/adapter.go:48.117,50.2 1 0
github.com/gongahkia/salja/internal/apple/adapter.go:52.125,55.2 2 0
github.com/gongahkia/salja/internal/apple/adapter.go:60.58,62.2 1 0
github.com/gongahkia/salja/internal/apple/adapter.go:64.124,66.2 1 0
github.com/gongahkia/salja/internal/apple/adapter.go:68.117,71.2 2 0
github.com/gongahkia/salja/internal/apple/adapter.go:78.58,80.2 1 0
github.com/gongahkia/salja/internal/apple/adapter.go:82.59,84.2 1 0
github.com/gongahkia/salja/internal/apple/adapter.go:86.118,88.2 1 0
github.com/gongahkia/salja/internal/apple/adapter.go:90.126,93.2 2 0
github.com/gongahkia/salja/internal/apple/calendar.go:13.42,15.2 1 1
github.com/gongahkia/salja/internal/apple/calendar.go:17.87,18.29 1 1
github.com/gongahkia/salja/internal/apple/calendar.go:18.29,19.59 1 1
github.com/gongahkia/salja/internal/apple/calendar.go:19.59,21.4 1 1
github.com/gongahkia/salja/internal/apple/calendar.go:23.2,23.12 1 1
github.com/gongahkia/salja/internal/apple/calendar.go:26.90,27.27 1 1
github.com/gongahkia/salja/internal/apple/calendar.go:27.27,29.3 1 1
github.com/gongahkia/salja/internal/apple/calendar.go:31.2,33.25 3 1
github.com/gongahkia/salja/internal/apple/calendar.go:33.25,35.3 1 1
github.com/gongahkia/salja/internal/apple/calendar.go:37.2,47.28 5 1
github.com/gongahkia/salja/internal/apple/calendar.go:47.28,49.3 1 1
github.com/gongahkia/salja/internal/apple/calendar.go:50.2,50.25 1 1
github.com/gongahkia/salja/internal/apple/calendar.go:50.25,52.3 1 1
github.com/gongahkia/salja/internal/apple/calendar.go:53.2,53.19 1 1
github.com/gongahkia/salja/internal/apple/calendar.go:53.19,55.3 1 1
github.com/gongahkia/salja/internal/apple/calendar.go:57.2,62.12 5 1
github.com/gongahkia/salja/internal/apple/calendar.go:67.42,69.2 1 1
github.com/gongahkia/salja/internal/apple/calendar.go:71.117,101.16 3 1
github.com/gongahkia/salja/internal/apple/calendar.go:101.16,103.3 1 0
github.com/gongahkia/salja/internal/apple/calendar.go:105.2,112.29 3 1
github.com/gongahkia/salja/internal/apple/calendar.go:112.29,114.17 2 1
github.com/gongahkia/salja/internal/apple/calendar.go:114.17,115.12 1 0
github.com/gongahkia/salja/internal/apple/calendar.go:117.3,118.21 2 1
github.com/gongahkia/salja/internal/apple/calendar.go:118.21,119.12 1 0
github.com/gongahkia/salja/internal/apple/calendar.go:122.3,130.52 2 1
github.com/gongahkia/salja/internal/apple/calendar.go:133.2,133.24 1 1
github.com/gongahkia/salja/internal/apple/executor.go:25.52,26.30 1 0
github.com/gongahkia/salja/internal/apple/executor.go:26.30,28.3 1 0
github.com/gongahkia/salja/internal/apple/executor.go:30.2,36.16 6 0
github.com/gongahkia/salja/internal/apple/executor.go:36.16,38.90 2 0
github.com/gongahkia/salja/internal/apple/executor.go:38.90,40.4 1 0
github.com/gongahkia/salja/internal/apple/executor.go:41.3,41.73 1 0
github.com/gongahkia/salja/internal/apple/executor.go:44.2,44.48 1 0
github.com/gongahkia/salja/internal/apple/executor.go:47.31,48.30 1 0
github.com/gongahkia/salja/internal/apple/executor.go:48.30,50.3 1 0
github.com/gongahkia/salja/internal/apple/executor.go:51.2,52.16 2 0
github.com/gongahkia/salja/internal/apple/executor.go:52.16,54.3 1 0
github.com/gongahkia/salja/internal/apple/executor.go:55.2,55.12 1 0
github.com/gongahkia/salja/internal/apple/reminders.go:13.44,15.2 1 1
github.com/gongahkia/salja/internal/apple/reminders.go:17.84,18.29 1 1
github.com/gongahkia/salja/internal/apple/reminders.go:18.29,19.58 1 1
github.com/gongahkia/salja/internal/apple/reminders.go:19.58,21.4 1 0
github.com/gongahkia/salja/internal/apple/reminders.go:23.2,23.12 1 1
github.com/gongahkia/salja/internal/apple/reminders.go:26.90,32.28 5 1
github.com/gongahkia/salja/internal/apple/reminders.go:32.28,34.3 1 1
github.com/gongahkia/salja/internal/apple/reminders.go:35.2,35.25 1 1
github.com/gongahkia/salja/internal/apple/reminders.go:35.25,37.3 1 1
github.com/gongahkia/salja/internal/apple/reminders.go:38.2,38.23 1 1
github.com/gongahkia/salja/internal/apple/reminders.go:38.23,40.24 2 1
github.com/gongahkia/salja/internal/apple/reminders.go:41.50,42.18 1 1
github.com/gongahkia/salja/internal/apple/reminders.go:43.29,44.18 1 0
github.com/gongahkia/salja/internal/apple/reminders.go:45.48,46.18 1 0
github.com/gongahkia/salja/internal/apple/reminders.go:48.3,48.64 1 1
github.com/gongahkia/salja/internal/apple/reminders.go:50.2,50.42 1 1
github.com/gongahkia/salja/internal/apple/reminders.go:50.42,52.3 1 1
github.com/gongahkia/salja/internal/apple/reminders.go:54.2,59.12 5 1
github.com/gongahkia/salja/internal/apple/reminders.go:64.44,66.2 1 1
github.com/gongahkia/salja/internal/apple/reminders.go:68.69,91.16 3 1
github.com/gongahkia/salja/internal/apple/reminders.go:91.16,93.3 1 0
github.com/gongahkia/salja/internal/apple/reminders.go:95.2,102.29 3 1
github.com/gongahkia/salja/internal/apple/reminders.go:102.29,104.17 2 1
github.com/gongahkia/salja/internal/apple/reminders.go:104.17,105.12 1 0
github.com/gongahkia/salja/internal/apple/reminders.go:107.3,108.21 2 1
github.com/gongahkia/salja/internal/apple/reminders.go:108.21,109.12 1 0
github.com/gongahkia/salja/internal/apple/reminders.go:112.3,119.25 2 1
github.com/gongahkia/salja/internal/apple/reminders.go:119.25,121.4 1 1
github.com/gongahkia/salja/internal/apple/reminders.go:123.3,123.52 1 1
github.com/gongahkia/salja/internal/apple/reminders.go:126.2,126.24 1 1
github.com/gongahkia/salja/internal/apple/reminders.go:129.32,137.2 7 1
github.com/gongahkia/salja/internal/apple/sorted3.go:15.77,17.2 1 0
github.com/gongahkia/salja/internal/apple/sorted3.go:19.78,24.40 4 0
github.com/gongahkia/salja/internal/apple/sorted3.go:24.40,25.43 1 0
github.com/gongahkia/salja/internal/apple/sorted3.go:25.43,27.4 1 0
github.com/gongahkia/salja/internal/apple/sorted3.go:27.9,29.4 1 0
github.com/gongahkia/salja/internal/apple/sorted3.go:32.2,32.21 1 0
github.com/gongahkia/salja/internal/apple/sorted3.go:32.21,33.65 1 0
github.com/gongahkia/salja/internal/apple/sorted3.go:33.65,35.4 1 0
github.com/gongahkia/salja/internal/apple/sorted3.go:36.3,36.98 1 0
github.com/gongahkia/salja/internal/apple/sorted3.go:39.2,39.20 1 0
github.com/gongahkia/salja/internal/apple/sorted3.go:39.20,40.64 1 0
github.com/gongahkia/salja/internal/apple/sorted3.go:40.64,42.4 1 0
github.com/gongahkia/salja/internal/apple/sorted3.go:43.3,43.97 1 0
github.com/gongahkia/salja/internal/apple/sorted3.go:46.2,51.12 5 0
github.com/gongahkia/salja/internal/apple/sorted3.go:59.77,61.2 1 0
github.com/gongahkia/salja/internal/apple/sorted3.go:63.71,71.16 4 0
github.com/gongahkia/salja/internal/apple/sorted3.go:71.16,73.3 1 0
github.com/gongahkia/salja/internal/apple/sorted3.go:74.2,76.24 2 0
github.com/gongahkia/salja/internal/conflict/detector.go:16.30,22.2 1 1
github.com/gongahkia/salja/internal/conflict/detector.go:30.85,35.39 3 1
github.com/gongahkia/salja/internal/conflict/detector.go:35.39,36.24 1 1
github.com/gongahkia/salja/internal/conflict/detector.go:36.24,38.4 1 1
github.com/gongahkia/salja/internal/conflict/detector.go:41.2,44.39 2 1
github.com/gongahkia/salja/internal/conflict/detector.go:44.39,45.24 1 1
github.com/gongahkia/salja/internal/conflict/detector.go:45.24,46.42 1 1
github.com/gongahkia/salja/internal/conflict/detector.go:46.42,53.5 2 1
github.com/gongahkia/salja/internal/conflict/detector.go:59.2,59.58 1 1
github.com/gongahkia/salja/internal/conflict/detector.go:59.58,61.3 1 0
github.com/gongahkia/salja/internal/conflict/detector.go:61.8,63.3 1 1
github.com/gongahkia/salja/internal/conflict/detector.go:65.2,65.16 1 1
github.com/gongahkia/salja/internal/conflict/detector.go:69.37,71.16 2 0
github.com/gongahkia/salja/internal/conflict/detector.go:71.16,73.3 1 0
github.com/gongahkia/salja/internal/conflict/detector.go:74.2,74.10 1 0
github.com/gongahkia/salja/internal/conflict/detector.go:77.121,80.39 2 0
github.com/gongahkia/salja/internal/conflict/detector.go:80.39,81.17 1 0
github.com/gongahkia/salja/internal/conflict/detector.go:81.17,82.12 1 0
github.com/gongahkia/salja/internal/conflict/detector.go:84.3,85.37 2 0
github.com/gongahkia/salja/internal/conflict/detector.go:88.2,88.39 1 0
github.com/gongahkia/salja/internal/conflict/detector.go:88.39,89.24 1 0
github.com/gongahkia/salja/internal/conflict/detector.go:89.24,90.12 1 0
github.com/gongahkia/salja/internal/conflict/detector.go:92.3,94.32 3 0
github.com/gongahkia/salja/internal/conflict/detector.go:94.32,95.18 1 0
github.com/gongahkia/salja/internal/conflict/detector.go:95.18,96.13 1 0
github.com/gongahkia/salja/internal/conflict/detector.go:98.4,98.49 1 0
github.com/gongahkia/salja/internal/conflict/detector.go:98.49,104.5 1 0
github.com/gongahkia/salja/internal/conflict/detector.go:109.143,110.39 1 1
github.com/gongahkia/salja/internal/conflict/detector.go:110.39,111.24 1 1
github.com/gongahkia/salja/internal/conflict/detector.go:111.24,112.42 1 1
github.com/gongahkia/salja/internal/conflict/detector.go:112.42,113.13 1 1
github.com/gongahkia/salja/internal/conflict/detector.go:116.3,116.40 1 1
github.com/gongahkia/salja/internal/conflict/detector.go:116.40,117.18 1 1
github.com/gongahkia/salja/internal/conflict/detector.go:117.18,118.13 1 0
github.com/gongahkia/salja/internal/conflict/detector.go:120.4,120.41 1 1
github.com/gongahkia/salja/internal/conflict/detector.go:120.41,126.5 1 1
github.com/gongahkia/salja/internal/conflict/detector.go:131.63,132.50 1 1
github.com/gongahkia/salja/internal/conflict/detector.go:132.50,134.3 1 0
github.com/gongahkia/salja/internal/conflict/detector.go:136.2,136.42 1 1
github.com/gongahkia/salja/internal/conflict/detector.go:136.42,138.3 1 1
github.com/gongahkia/salja/internal/conflict/detector.go:140.2,140.46 1 1
github.com/gongahkia/salja/internal/conflict/detector.go:140.46,142.3 1 1
github.com/gongahkia/salja/internal/conflict/detector.go:143.2,143.42 1 0
github.com/gongahkia/salja/internal/conflict/detector.go:143.42,145.3 1 0
github.com/gongahkia/salja/internal/conflict/detector.go:147.2,147.14 1 0
github.com/gongahkia/salja/internal/conflict/detector.go:150.54,154.12 3 1
github.com/gongahkia/salja/internal/conflict/detector.go:154.12,156.3 1 1
github.com/gongahkia/salja/internal/conflict/detector.go:158.2,160.40 3 1
github.com/gongahkia/salja/internal/conflict/detector.go:160.40,162.3 1 0
github.com/gongahkia/salja/internal/conflict/detector.go:164.2,164.14 1 1
github.com/gongahkia/salja/internal/conflict/detector.go:167.51,169.14 2 1
github.com/gongahkia/salja/internal/conflict/detector.go:169.14,171.3 1 0
github.com/gongahkia/salja/internal/conflict/detector.go:172.2,172.61 1 1
github.com/gongahkia/salja/internal/conflict/detector.go:175.74,178.50 2 1
github.com/gongahkia/salja/internal/conflict/detector.go:178.50,180.3 1 1
github.com/gongahkia/salja/internal/conflict/detector.go:182.2,182.41 1 1
github.com/gongahkia/salja/internal/conflict/detector.go:182.41,184.3 1 1
github.com/gongahkia/salja/internal/conflict/detector.go:184.8,184.48 1 0
github.com/gongahkia/salja/internal/conflict/detector.go:184.48,186.3 1 0
github.com/gongahkia/salja/internal/conflict/detector.go:188.2,188.89 1 1
github.com/gongahkia/salja/internal/conflict/detector.go:188.89,190.3 1 1
github.com/gongahkia/salja/internal/conflict/detector.go:192.2,192.81 1 1
github.com/gongahkia/salja/internal/conflict/detector.go:192.81,194.3 1 0
github.com/gongahkia/salja/internal/conflict/detector.go:196.2,196.14 1 1
github.com/gongahkia/salja/internal/conflict/detector.go:199.43,200.17 1 0
github.com/gongahkia/salja/internal/conflict/detector.go:200.17,202.3 1 0
github.com/gongahkia/salja/internal/conflict/detector.go:203.2,203.17 1 0
github.com/gongahkia/salja/internal/conflict/detector.go:203.17,205.3 1 0
github.com/gongahkia/salja/internal/conflict/detector.go:207.2,208.24 2 0
github.com/gongahkia/salja/internal/conflict/detector.go:208.24,211.3 2 0
github.com/gongahkia/salja/internal/conflict/detector.go:212.2,212.27 1 0
github.com/gongahkia/salja/internal/conflict/detector.go:212.27,214.3 1 0
github.com/gongahkia/salja/internal/conflict/detector.go:216.2,216.31 1 0
github.com/gongahkia/salja/internal/conflict/detector.go:216.31,217.32 1 0
github.com/gongahkia/salja/internal/conflict/detector.go:217.32,219.24 2 0
github.com/gongahkia/salja/internal/conflict/detector.go:219.24,221.5 1 0
github.com/gongahkia/salja/internal/conflict/detector.go:222.4,226.5 1 0
github.com/gongahkia/salja/internal/conflict/detector.go:230.2,230.31 1 0
github.com/gongahkia/salja/internal/conflict/resolver.go:41.47,46.2 1 1
github.com/gongahkia/salja/internal/conflict/resolver.go:48.93,49.20 1 1
github.com/gongahkia/salja/internal/conflict/resolver.go:50.28,52.21 2 1
github.com/gongahkia/salja/internal/conflict/resolver.go:53.28,55.21 2 1
github.com/gongahkia/salja/internal/conflict/resolver.go:56.20,58.18 2 1
github.com/gongahkia/salja/internal/conflict/resolver.go:59.20,60.118 1 1
github.com/gongahkia/salja/internal/conflict/resolver.go:61.19,62.46 1 0
github.com/gongahkia/salja/internal/conflict/resolver.go:63.10,64.21 1 0
github.com/gongahkia/salja/internal/conflict/resolver.go:68.104,77.16 8 0
github.com/gongahkia/salja/internal/conflict/resolver.go:77.16,81.3 2 0
github.com/gongahkia/salja/internal/conflict/resolver.go:82.2,84.15 2 0
github.com/gongahkia/salja/internal/conflict/resolver.go:85.11,87.21 2 0
github.com/gongahkia/salja/internal/conflict/resolver.go:88.11,90.21 2 0
github.com/gongahkia/salja/internal/conflict/resolver.go:91.11,92.38 1 0
github.com/gongahkia/salja/internal/conflict/resolver.go:93.11,95.18 2 0
github.com/gongahkia/salja/internal/conflict/resolver.go:96.10,97.21 1 0
github.com/gongahkia/salja/internal/conflict/resolver.go:101.96,107.34 4 0
github.com/gongahkia/salja/internal/conflict/resolver.go:107.34,110.38 3 0
github.com/gongahkia/salja/internal/conflict/resolver.go:110.38,113.4 2 0
github.com/gongahkia/salja/internal/conflict/resolver.go:116.2,116.46 1 0
github.com/gongahkia/salja/internal/conflict/resolver.go:116.46,119.38 3 0
github.com/gongahkia/salja/internal/conflict/resolver.go:119.38,122.4 2 0
github.com/gongahkia/salja/internal/conflict/resolver.go:125.2,125.40 1 0
github.com/gongahkia/salja/internal/conflict/resolver.go:125.40,128.38 3 0
github.com/gongahkia/salja/internal/conflict/resolver.go:128.38,131.4 2 0
github.com/gongahkia/salja/internal/conflict/resolver.go:134.2,134.36 1 0
github.com/gongahkia/salja/internal/conflict/resolver.go:134.36,137.38 3 0
github.com/gongahkia/salja/internal/conflict/resolver.go:137.38,140.4 2 0
github.com/gongahkia/salja/internal/conflict/resolver.go:143.2,143.82 1 0
github.com/gongahkia/salja/internal/conflict/resolver.go:143.82,146.38 3 0
github.com/gongahkia/salja/internal/conflict/resolver.go:146.38,149.4 2 0
github.com/gongahkia/salja/internal/conflict/resolver.go:152.2,152.62 1 0
github.com/gongahkia/salja/internal/conflict/resolver.go:152.62,155.38 3 0
github.com/gongahkia/salja/internal/conflict/resolver.go:155.38,158.4 2 0
github.com/gongahkia/salja/internal/conflict/resolver.go:161.2,161.52 1 0
github.com/gongahkia/salja/internal/conflict/resolver.go:161.52,164.38 3 0
github.com/gongahkia/salja/internal/conflict/resolver.go:164.38,167.4 2 0
github.com/gongahkia/salja/internal/conflict/resolver.go:170.2,171.28 2 0
github.com/gongahkia/salja/internal/conflict/resolver.go:171.28,173.3 1 0
github.com/gongahkia/salja/internal/conflict/resolver.go:174.2,174.21 1 0
github.com/gongahkia/salja/internal/conflict/resolver.go:177.36,178.22 1 0
github.com/gongahkia/salja/internal/conflict/resolver.go:178.22,180.3 1 0
github.com/gongahkia/salja/internal/conflict/resolver.go:181.2,181.19 1 0
github.com/gongahkia/salja/internal/conflict/resolver.go:181.19,182.19 1 0
github.com/gongahkia/salja/internal/conflict/resolver.go:182.19,184.4 1 0
github.com/gongahkia/salja/internal/conflict/resolver.go:186.2,186.13 1 0
github.com/gongahkia/salja/internal/conflict/resolver.go:189.65,196.2 1 1
github.com/gongahkia/salja/internal/conflict/resolver.go:198.37,199.29 1 0
github.com/gongahkia/salja/internal/conflict/resolver.go:199.29,201.3 1 0
github.com/gongahkia/salja/internal/conflict/resolver.go:203.2,209.51 5 0
github.com/gongahkia/salja/internal/conflict/resolver.go:209.51,210.57 1 0
github.com/gongahkia/salja/internal/conflict/resolver.go:210.57,212.4 1 0
github.com/gongahkia/salja/internal/conflict/resolver.go:215.2,217.16 3 0
github.com/gongahkia/salja/internal/conflict/resolver.go:217.16,219.3 1 0
github.com/gongahkia/salja/internal/conflict/resolver.go:220.2,220.42 1 0
github.com/gongahkia/salja/internal/conflict/resolver.go:223.42,224.24 1 0
github.com/gongahkia/salja/internal/conflict/resolver.go:224.24,226.3 1 0
github.com/gongahkia/salja/internal/conflict/resolver.go:227.2,227.36 1 0
github.com/gongahkia/salja/internal/conflict/resolver.go:227.36,229.3 1 0
github.com/gongahkia/salja/internal/conflict/resolver.go:230.2,230.30 1 0
github.com/gongahkia/salja/internal/conflict/resolver.go:230.30,232.3 1 0
github.com/gongahkia/salja/internal/conflict/resolver.go:233.2,233.26 1 0
github.com/gongahkia/salja/internal/conflict/resolver.go:233.26,235.3 1 0
github.com/gongahkia/salja/cmd/salja/main.go:21.13,32.76 4 0
github.com/gongahkia/salja/cmd/salja/main.go:32.76,33.67 1 0
github.com/gongahkia/salja/cmd/salja/main.go:33.67,35.4 1 0
github.com/gongahkia/salja/cmd/salja/main.go:36.3,36.13 1 0
github.com/gongahkia/salja/cmd/salja/main.go:39.2,51.63 11 0
github.com/gongahkia/salja/cmd/salja/main.go:51.63,53.3 1 0
github.com/gongahkia/salja/cmd/salja/main.go:55.2,55.42 1 0
github.com/gongahkia/salja/cmd/salja/main.go:55.42,60.10 5 0
github.com/gongahkia/salja/cmd/salja/main.go:61.34,62.14 1 0
github.com/gongahkia/salja/cmd/salja/main.go:63.34,64.14 1 0
github.com/gongahkia/salja/cmd/salja/main.go:65.37,66.14 1 0
github.com/gongahkia/salja/cmd/salja/main.go:67.11,68.14 1 0
github.com/gongahkia/salja/cmd/salja/main.go:73.37,77.48 1 0
github.com/gongahkia/salja/cmd/salja/main.go:77.48,83.4 5 0
github.com/gongahkia/salja/internal/mcp/server.go:12.50,53.2 12 0
github.com/gongahkia/salja/internal/mcp/resources/auth.go:18.103,37.2 5 0
github.com/gongahkia/salja/internal/mcp/resources/config.go:13.105,15.16 2 0
github.com/gongahkia/salja/internal/mcp/resources/config.go:15.16,17.3 1 0
github.com/gongahkia/salja/internal/mcp/resources/config.go:19.2,20.16 2 0
github.com/gongahkia/salja/internal/mcp/resources/config.go:20.16,22.3 1 0
github.com/gongahkia/salja/internal/mcp/resources/config.go:24.2,30.8 1 0
github.com/gongahkia/salja/internal/mcp/resources/formats.go:25.106,29.33 3 0
github.com/gongahkia/salja/internal/mcp/resources/formats.go:29.33,41.3 1 0
github.com/gongahkia/salja/internal/mcp/resources/formats.go:43.2,50.8 2 0
